Using cache found in /root/.cache/torch/hub/facebookresearch_xcit_main
usage: DINO [-h]
            [--arch {vit_tiny,vit_small,vit_base,vit_small_patch8_512,xcit,deit_tiny,deit_small,alexnet,convnext_base,convnext_large,convnext_small,convnext_tiny,densenet121,densenet161,densenet169,densenet201,efficientnet_b0,efficientnet_b1,efficientnet_b2,efficientnet_b3,efficientnet_b4,efficientnet_b5,efficientnet_b6,efficientnet_b7,efficientnet_v2_l,efficientnet_v2_m,efficientnet_v2_s,get_model,get_model_builder,get_model_weights,get_weight,googlenet,inception_v3,list_models,maxvit_t,mnasnet0_5,mnasnet0_75,mnasnet1_0,mnasnet1_3,mobilenet_v2,mobilenet_v3_large,mobilenet_v3_small,regnet_x_16gf,regnet_x_1_6gf,regnet_x_32gf,regnet_x_3_2gf,regnet_x_400mf,regnet_x_800mf,regnet_x_8gf,regnet_y_128gf,regnet_y_16gf,regnet_y_1_6gf,regnet_y_32gf,regnet_y_3_2gf,regnet_y_400mf,regnet_y_800mf,regnet_y_8gf,resnet101,resnet152,resnet18,resnet34,resnet50,resnext101_32x8d,resnext101_64x4d,resnext50_32x4d,shufflenet_v2_x0_5,shufflenet_v2_x1_0,shufflenet_v2_x1_5,shufflenet_v2_x2_0,squeezenet1_0,squeezenet1_1,swin_b,swin_s,swin_t,swin_v2_b,swin_v2_s,swin_v2_t,vgg11,vgg11_bn,vgg13,vgg13_bn,vgg16,vgg16_bn,vgg19,vgg19_bn,vit_b_16,vit_b_32,vit_h_14,vit_l_16,vit_l_32,wide_resnet101_2,wide_resnet50_2,xcit_large_24_p16,xcit_large_24_p8,xcit_medium_24_p16,xcit_medium_24_p8,xcit_nano_12_p16,xcit_nano_12_p8,xcit_small_12_p16,xcit_small_12_p8,xcit_small_24_p16,xcit_small_24_p8,xcit_tiny_12_p16,xcit_tiny_12_p8,xcit_tiny_24_p16,xcit_tiny_24_p8}]
            [--patch_size PATCH_SIZE] [--out_dim OUT_DIM]
            [--norm_last_layer NORM_LAST_LAYER]
            [--momentum_teacher MOMENTUM_TEACHER]
            [--use_bn_in_head USE_BN_IN_HEAD]
            [--warmup_teacher_temp WARMUP_TEACHER_TEMP]
            [--teacher_temp TEACHER_TEMP]
            [--warmup_teacher_temp_epochs WARMUP_TEACHER_TEMP_EPOCHS]
            [--use_fp16 USE_FP16] [--weight_decay WEIGHT_DECAY]
            [--weight_decay_end WEIGHT_DECAY_END] [--clip_grad CLIP_GRAD]
            [--batch_size_per_gpu BATCH_SIZE_PER_GPU] [--epochs EPOCHS]
            [--freeze_last_layer FREEZE_LAST_LAYER] [--lr LR]
            [--warmup_epochs WARMUP_EPOCHS] [--min_lr MIN_LR]
            [--optimizer {adamw,sgd,lars}] [--drop_path_rate DROP_PATH_RATE]
            [--global_crops_scale GLOBAL_CROPS_SCALE [GLOBAL_CROPS_SCALE ...]]
            [--local_crops_number LOCAL_CROPS_NUMBER]
            [--local_crops_scale LOCAL_CROPS_SCALE [LOCAL_CROPS_SCALE ...]]
            [--data_path DATA_PATH] [--output_dir OUTPUT_DIR]
            [--saveckp_freq SAVECKP_FREQ] [--seed SEED]
            [--num_workers NUM_WORKERS] [--dist_url DIST_URL]
            [--local_rank LOCAL_RANK]
DINO: error: unrecognized arguments:  
Using cache found in /root/.cache/torch/hub/facebookresearch_xcit_main
usage: DINO [-h]
            [--arch {vit_tiny,vit_small,vit_base,vit_small_patch8_512,xcit,deit_tiny,deit_small,alexnet,convnext_base,convnext_large,convnext_small,convnext_tiny,densenet121,densenet161,densenet169,densenet201,efficientnet_b0,efficientnet_b1,efficientnet_b2,efficientnet_b3,efficientnet_b4,efficientnet_b5,efficientnet_b6,efficientnet_b7,efficientnet_v2_l,efficientnet_v2_m,efficientnet_v2_s,get_model,get_model_builder,get_model_weights,get_weight,googlenet,inception_v3,list_models,maxvit_t,mnasnet0_5,mnasnet0_75,mnasnet1_0,mnasnet1_3,mobilenet_v2,mobilenet_v3_large,mobilenet_v3_small,regnet_x_16gf,regnet_x_1_6gf,regnet_x_32gf,regnet_x_3_2gf,regnet_x_400mf,regnet_x_800mf,regnet_x_8gf,regnet_y_128gf,regnet_y_16gf,regnet_y_1_6gf,regnet_y_32gf,regnet_y_3_2gf,regnet_y_400mf,regnet_y_800mf,regnet_y_8gf,resnet101,resnet152,resnet18,resnet34,resnet50,resnext101_32x8d,resnext101_64x4d,resnext50_32x4d,shufflenet_v2_x0_5,shufflenet_v2_x1_0,shufflenet_v2_x1_5,shufflenet_v2_x2_0,squeezenet1_0,squeezenet1_1,swin_b,swin_s,swin_t,swin_v2_b,swin_v2_s,swin_v2_t,vgg11,vgg11_bn,vgg13,vgg13_bn,vgg16,vgg16_bn,vgg19,vgg19_bn,vit_b_16,vit_b_32,vit_h_14,vit_l_16,vit_l_32,wide_resnet101_2,wide_resnet50_2,xcit_large_24_p16,xcit_large_24_p8,xcit_medium_24_p16,xcit_medium_24_p8,xcit_nano_12_p16,xcit_nano_12_p8,xcit_small_12_p16,xcit_small_12_p8,xcit_small_24_p16,xcit_small_24_p8,xcit_tiny_12_p16,xcit_tiny_12_p8,xcit_tiny_24_p16,xcit_tiny_24_p8}]
            [--patch_size PATCH_SIZE] [--out_dim OUT_DIM]
            [--norm_last_layer NORM_LAST_LAYER]
            [--momentum_teacher MOMENTUM_TEACHER]
            [--use_bn_in_head USE_BN_IN_HEAD]
            [--warmup_teacher_temp WARMUP_TEACHER_TEMP]
            [--teacher_temp TEACHER_TEMP]
            [--warmup_teacher_temp_epochs WARMUP_TEACHER_TEMP_EPOCHS]
            [--use_fp16 USE_FP16] [--weight_decay WEIGHT_DECAY]
            [--weight_decay_end WEIGHT_DECAY_END] [--clip_grad CLIP_GRAD]
            [--batch_size_per_gpu BATCH_SIZE_PER_GPU] [--epochs EPOCHS]
            [--freeze_last_layer FREEZE_LAST_LAYER] [--lr LR]
            [--warmup_epochs WARMUP_EPOCHS] [--min_lr MIN_LR]
            [--optimizer {adamw,sgd,lars}] [--drop_path_rate DROP_PATH_RATE]
            [--global_crops_scale GLOBAL_CROPS_SCALE [GLOBAL_CROPS_SCALE ...]]
            [--local_crops_number LOCAL_CROPS_NUMBER]
            [--local_crops_scale LOCAL_CROPS_SCALE [LOCAL_CROPS_SCALE ...]]
            [--data_path DATA_PATH] [--output_dir OUTPUT_DIR]
            [--saveckp_freq SAVECKP_FREQ] [--seed SEED]
            [--num_workers NUM_WORKERS] [--dist_url DIST_URL]
            [--local_rank LOCAL_RANK]
DINO: error: unrecognized arguments:  
